0 verbose cli /usr/bin/node /usr/bin/npm
1 info using npm@9.2.0
2 info using node@v18.19.1
3 timing npm:load:whichnode Completed in 0ms
4 timing config:load:defaults Completed in 2ms
5 timing config:load:file:/usr/share/nodejs/npm/npmrc Completed in 3ms
6 timing config:load:builtin Completed in 3ms
7 timing config:load:cli Completed in 2ms
8 timing config:load:env Completed in 0ms
9 timing config:load:file:/root/node-js-app/.npmrc Completed in 0ms
10 timing config:load:project Completed in 2ms
11 timing config:load:file:/root/.npmrc Completed in 0ms
12 timing config:load:user Completed in 1ms
13 timing config:load:file:/etc/npmrc Completed in 0ms
14 timing config:load:global Completed in 0ms
15 timing config:load:setEnvs Completed in 2ms
16 timing config:load Completed in 14ms
17 timing npm:load:configload Completed in 15ms
18 timing npm:load:mkdirpcache Completed in 2ms
19 timing npm:load:mkdirplogs Completed in 0ms
20 verbose title npm install dotenv
21 verbose argv "install" "dotenv"
22 timing npm:load:setTitle Completed in 2ms
23 timing config:load:flatten Completed in 6ms
24 timing npm:load:display Completed in 8ms
25 verbose logfile logs-max:10 dir:/root/.npm/_logs/2024-05-21T02_05_32_648Z-
26 verbose logfile /root/.npm/_logs/2024-05-21T02_05_32_648Z-debug-0.log
27 timing npm:load:logFile Completed in 13ms
28 timing npm:load:timers Completed in 0ms
29 timing npm:load:configScope Completed in 0ms
30 timing npm:load Completed in 41ms
31 silly logfile done cleaning log files
32 timing config:load:flatten Completed in 1ms
33 timing arborist:ctor Completed in 2ms
34 timing idealTree:init Completed in 47ms
35 timing idealTree:userRequests Completed in 3ms
36 silly idealTree buildDeps
37 silly fetch manifest dotenv@*
38 timing arborist:ctor Completed in 1ms
39 http fetch GET 200 https://registry.npmjs.org/dotenv 201ms (cache miss)
40 silly placeDep ROOT dotenv@16.4.5 OK for: js-app@1.0.0 want: *
41 timing idealTree:#root Completed in 214ms
42 timing idealTree:node_modules/dotenv Completed in 0ms
43 timing idealTree:buildDeps Completed in 216ms
44 timing idealTree:fixDepFlags Completed in 1ms
45 timing idealTree Completed in 271ms
46 timing reify:loadTrees Completed in 273ms
47 timing reify:diffTrees Completed in 4ms
48 silly reify moves {}
49 timing reify:retireShallow Completed in 2ms
50 timing reify:createSparse Completed in 6ms
51 timing reify:loadBundles Completed in 0ms
52 silly audit bulk request {
52 silly audit   pg: [ '8.11.5' ],
52 silly audit   'pg-cloudflare': [ '1.1.1' ],
52 silly audit   'pg-connection-string': [ '2.6.4' ],
52 silly audit   'pg-int8': [ '1.0.1' ],
52 silly audit   'pg-pool': [ '3.6.2' ],
52 silly audit   'pg-protocol': [ '1.6.1' ],
52 silly audit   'pg-types': [ '2.2.0' ],
52 silly audit   pgpass: [ '1.0.5' ],
52 silly audit   'postgres-array': [ '2.0.0' ],
52 silly audit   'postgres-bytea': [ '1.0.0' ],
52 silly audit   'postgres-date': [ '1.0.7' ],
52 silly audit   'postgres-interval': [ '1.2.0' ],
52 silly audit   split2: [ '4.2.0' ],
52 silly audit   xtend: [ '4.0.2' ],
52 silly audit   dotenv: [ '16.4.5' ]
52 silly audit }
53 silly tarball no local data for dotenv@https://registry.npmjs.org/dotenv/-/dotenv-16.4.5.tgz. Extracting by manifest.
54 http fetch POST 200 https://registry.npmjs.org/-/npm/v1/security/advisories/bulk 107ms
55 timing auditReport:getReport Completed in 111ms
56 silly audit report {}
57 timing auditReport:init Completed in 0ms
58 timing reify:audit Completed in 112ms
59 http fetch GET 200 https://registry.npmjs.org/dotenv/-/dotenv-16.4.5.tgz 104ms (cache miss)
60 timing reifyNode:node_modules/dotenv Completed in 122ms
61 timing reify:unpack Completed in 123ms
62 timing reify:unretire Completed in 0ms
63 timing build:queue Completed in 1ms
64 timing build:deps Completed in 1ms
65 timing build Completed in 1ms
66 timing reify:build Completed in 2ms
67 timing reify:trash Completed in 0ms
68 timing reify:save Completed in 14ms
69 timing reify Completed in 440ms
70 silly ADD node_modules/dotenv
71 timing command:install Completed in 454ms
72 verbose exit 0
73 timing npm Completed in 517ms
74 info ok
