0 verbose cli /usr/bin/node /usr/bin/npm
1 info using npm@9.2.0
2 info using node@v18.19.1
3 timing npm:load:whichnode Completed in 0ms
4 timing config:load:defaults Completed in 2ms
5 timing config:load:file:/usr/share/nodejs/npm/npmrc Completed in 3ms
6 timing config:load:builtin Completed in 3ms
7 timing config:load:cli Completed in 2ms
8 timing config:load:env Completed in 0ms
9 timing config:load:file:/root/project/app-node1/.npmrc Completed in 0ms
10 timing config:load:project Completed in 2ms
11 timing config:load:file:/root/.npmrc Completed in 0ms
12 timing config:load:user Completed in 0ms
13 timing config:load:file:/etc/npmrc Completed in 0ms
14 timing config:load:global Completed in 0ms
15 timing config:load:setEnvs Completed in 2ms
16 timing config:load Completed in 14ms
17 timing npm:load:configload Completed in 15ms
18 timing npm:load:mkdirpcache Completed in 0ms
19 timing npm:load:mkdirplogs Completed in 0ms
20 verbose title npm install kubernetes-service-discovery
21 verbose argv "install" "kubernetes-service-discovery"
22 timing npm:load:setTitle Completed in 2ms
23 timing config:load:flatten Completed in 6ms
24 timing npm:load:display Completed in 7ms
25 verbose logfile logs-max:10 dir:/root/.npm/_logs/2024-05-18T04_43_41_131Z-
26 verbose logfile /root/.npm/_logs/2024-05-18T04_43_41_131Z-debug-0.log
27 timing npm:load:logFile Completed in 13ms
28 timing npm:load:timers Completed in 0ms
29 timing npm:load:configScope Completed in 0ms
30 timing npm:load Completed in 39ms
31 silly logfile done cleaning log files
32 timing config:load:flatten Completed in 0ms
33 timing arborist:ctor Completed in 1ms
34 timing idealTree:init Completed in 111ms
35 timing idealTree:userRequests Completed in 4ms
36 silly idealTree buildDeps
37 silly fetch manifest kubernetes-service-discovery@*
38 timing arborist:ctor Completed in 1ms
39 http fetch GET 404 https://registry.npmjs.org/kubernetes-service-discovery 194ms (cache skip)
40 http fetch GET 404 https://registry.npmjs.org/kubernetes-service-discovery 28ms (cache skip)
41 silly placeDep ROOT kubernetes-service-discovery@ OK for: app-node1@1.0.0 want: *
42 timing idealTree:#root Completed in 235ms
43 timing idealTree:node_modules/kubernetes-service-discovery Completed in 0ms
44 timing idealTree:buildDeps Completed in 237ms
45 timing idealTree:fixDepFlags Completed in 1ms
46 timing idealTree Completed in 355ms
47 timing command:install Completed in 365ms
48 verbose stack HttpErrorGeneral: 404 Not Found - GET https://registry.npmjs.org/kubernetes-service-discovery - Not found
48 verbose stack     at /usr/share/nodejs/npm/node_modules/npm-registry-fetch/lib/check-response.js:95:15
48 verbose stack     at process.processTicksAndRejections (node:internal/process/task_queues:95:5)
48 verbose stack     at async RegistryFetcher.packument (/usr/share/nodejs/pacote/lib/registry.js:85:19)
48 verbose stack     at async RegistryFetcher.manifest (/usr/share/nodejs/pacote/lib/registry.js:116:23)
48 verbose stack     at async [nodeFromEdge] (/usr/share/nodejs/@npmcli/arborist/lib/arborist/build-ideal-tree.js:1058:19)
48 verbose stack     at async [buildDepStep] (/usr/share/nodejs/@npmcli/arborist/lib/arborist/build-ideal-tree.js:928:11)
48 verbose stack     at async Arborist.buildIdealTree (/usr/share/nodejs/@npmcli/arborist/lib/arborist/build-ideal-tree.js:206:7)
48 verbose stack     at async Promise.all (index 1)
48 verbose stack     at async Arborist.reify (/usr/share/nodejs/@npmcli/arborist/lib/arborist/reify.js:156:5)
48 verbose stack     at async Install.exec (/usr/share/nodejs/npm/lib/commands/install.js:146:5)
49 verbose statusCode 404
50 verbose pkgid kubernetes-service-discovery@*
51 verbose cwd /root/project/app-node1
52 verbose Linux 6.8.0-1008-aws
53 verbose node v18.19.1
54 verbose npm  v9.2.0
55 error code E404
56 error 404 Not Found - GET https://registry.npmjs.org/kubernetes-service-discovery - Not found
57 error 404
58 error 404  'kubernetes-service-discovery@*' is not in this registry.
59 error 404
59 error 404 Note that you can also install from a
60 error 404 tarball, folder, http url, or git url.
61 verbose exit 1
62 timing npm Completed in 436ms
63 verbose unfinished npm timer reify 1716007421199
64 verbose unfinished npm timer reify:loadTrees 1716007421201
65 verbose code 1
66 error A complete log of this run can be found in:
66 error     /root/.npm/_logs/2024-05-18T04_43_41_131Z-debug-0.log
