0 verbose cli /usr/bin/node /usr/bin/npm
1 info using npm@9.2.0
2 info using node@v18.19.1
3 timing npm:load:whichnode Completed in 0ms
4 timing config:load:defaults Completed in 2ms
5 timing config:load:file:/usr/share/nodejs/npm/npmrc Completed in 3ms
6 timing config:load:builtin Completed in 3ms
7 timing config:load:cli Completed in 3ms
8 timing config:load:env Completed in 0ms
9 timing config:load:file:/root/node-js-app/.npmrc Completed in 0ms
10 timing config:load:project Completed in 2ms
11 timing config:load:file:/root/.npmrc Completed in 0ms
12 timing config:load:user Completed in 1ms
13 timing config:load:file:/etc/npmrc Completed in 0ms
14 timing config:load:global Completed in 0ms
15 timing config:load:setEnvs Completed in 2ms
16 timing config:load Completed in 14ms
17 timing npm:load:configload Completed in 15ms
18 timing npm:load:mkdirpcache Completed in 0ms
19 timing npm:load:mkdirplogs Completed in 1ms
20 verbose title npm install pg
21 verbose argv "install" "pg"
22 timing npm:load:setTitle Completed in 2ms
23 timing config:load:flatten Completed in 6ms
24 timing npm:load:display Completed in 7ms
25 verbose logfile logs-max:10 dir:/root/.npm/_logs/2024-05-21T02_05_21_787Z-
26 verbose logfile /root/.npm/_logs/2024-05-21T02_05_21_787Z-debug-0.log
27 timing npm:load:logFile Completed in 13ms
28 timing npm:load:timers Completed in 0ms
29 timing npm:load:configScope Completed in 0ms
30 timing npm:load Completed in 39ms
31 silly logfile done cleaning log files
32 timing config:load:flatten Completed in 1ms
33 timing arborist:ctor Completed in 1ms
34 timing arborist:ctor Completed in 0ms
35 timing idealTree:init Completed in 21ms
36 timing idealTree:userRequests Completed in 6ms
37 silly idealTree buildDeps
38 silly fetch manifest pg@*
39 http fetch GET 200 https://registry.npmjs.org/pg 187ms (cache revalidated)
40 silly fetch manifest pg-native@>=3.0.1
41 http fetch GET 200 https://registry.npmjs.org/pg-native 43ms (cache revalidated)
42 silly placeDep ROOT pg@8.11.5 OK for: js-app@1.0.0 want: *
43 silly fetch manifest pg-connection-string@^2.6.4
44 silly fetch manifest pg-pool@^3.6.2
45 silly fetch manifest pg-protocol@^1.6.1
46 silly fetch manifest pg-types@^2.1.0
47 silly fetch manifest pgpass@1.x
48 silly fetch manifest pg-cloudflare@^1.1.1
49 http fetch GET 200 https://registry.npmjs.org/pgpass 58ms (cache revalidated)
50 http fetch GET 200 https://registry.npmjs.org/pg-connection-string 106ms (cache revalidated)
51 http fetch GET 200 https://registry.npmjs.org/pg-protocol 106ms (cache revalidated)
52 http fetch GET 200 https://registry.npmjs.org/pg-types 107ms (cache revalidated)
53 http fetch GET 200 https://registry.npmjs.org/pg-cloudflare 110ms (cache revalidated)
54 http fetch GET 200 https://registry.npmjs.org/pg-pool 114ms (cache revalidated)
55 timing idealTree:#root Completed in 375ms
56 silly fetch manifest pg@>=8.0
57 silly placeDep ROOT pg-cloudflare@1.1.1 OK for: pg@8.11.5 want: ^1.1.1
58 silly placeDep ROOT pg-connection-string@2.6.4 OK for: pg@8.11.5 want: ^2.6.4
59 silly placeDep ROOT pg-pool@3.6.2 OK for: pg@8.11.5 want: ^3.6.2
60 silly placeDep ROOT pg-protocol@1.6.1 OK for: pg@8.11.5 want: ^1.6.1
61 silly placeDep ROOT pg-types@2.2.0 OK for: pg@8.11.5 want: ^2.1.0
62 silly placeDep ROOT pgpass@1.0.5 OK for: pg@8.11.5 want: 1.x
63 silly fetch manifest pg-int8@1.0.1
64 silly fetch manifest postgres-array@~2.0.0
65 silly fetch manifest postgres-bytea@~1.0.0
66 silly fetch manifest postgres-date@~1.0.4
67 silly fetch manifest postgres-interval@^1.1.0
68 silly fetch manifest split2@^4.1.0
69 http fetch GET 200 https://registry.npmjs.org/postgres-date 51ms (cache revalidated)
70 http fetch GET 200 https://registry.npmjs.org/split2 62ms (cache revalidated)
71 http fetch GET 200 https://registry.npmjs.org/postgres-array 67ms (cache revalidated)
72 http fetch GET 200 https://registry.npmjs.org/postgres-bytea 68ms (cache revalidated)
73 http fetch GET 200 https://registry.npmjs.org/pg-int8 71ms (cache revalidated)
74 http fetch GET 200 https://registry.npmjs.org/postgres-interval 70ms (cache revalidated)
75 timing idealTree:node_modules/pg Completed in 105ms
76 timing idealTree:node_modules/pg-cloudflare Completed in 0ms
77 timing idealTree:node_modules/pg-connection-string Completed in 0ms
78 timing idealTree:node_modules/pg-pool Completed in 0ms
79 timing idealTree:node_modules/pg-protocol Completed in 0ms
80 silly placeDep ROOT pg-int8@1.0.1 OK for: pg-types@2.2.0 want: 1.0.1
81 silly placeDep ROOT postgres-array@2.0.0 OK for: pg-types@2.2.0 want: ~2.0.0
82 silly placeDep ROOT postgres-bytea@1.0.0 OK for: pg-types@2.2.0 want: ~1.0.0
83 silly placeDep ROOT postgres-date@1.0.7 OK for: pg-types@2.2.0 want: ~1.0.4
84 silly placeDep ROOT postgres-interval@1.2.0 OK for: pg-types@2.2.0 want: ^1.1.0
85 silly fetch manifest xtend@^4.0.0
86 http fetch GET 200 https://registry.npmjs.org/xtend 40ms (cache revalidated)
87 timing idealTree:node_modules/pg-types Completed in 52ms
88 timing idealTree:node_modules/pg-int8 Completed in 0ms
89 silly placeDep ROOT split2@4.2.0 OK for: pgpass@1.0.5 want: ^4.1.0
90 timing idealTree:node_modules/pgpass Completed in 3ms
91 timing idealTree:node_modules/postgres-array Completed in 0ms
92 timing idealTree:node_modules/postgres-bytea Completed in 0ms
93 timing idealTree:node_modules/postgres-date Completed in 0ms
94 silly placeDep ROOT xtend@4.0.2 OK for: postgres-interval@1.2.0 want: ^4.0.0
95 timing idealTree:node_modules/postgres-interval Completed in 2ms
96 timing idealTree:node_modules/split2 Completed in 0ms
97 timing idealTree:node_modules/xtend Completed in 0ms
98 timing idealTree:buildDeps Completed in 540ms
99 timing idealTree:fixDepFlags Completed in 1ms
100 timing idealTree Completed in 571ms
101 timing reify:loadTrees Completed in 573ms
102 timing reify:diffTrees Completed in 3ms
103 silly reify moves {}
104 timing reify:retireShallow Completed in 2ms
105 timing reify:createSparse Completed in 3ms
106 timing reify:loadBundles Completed in 0ms
107 silly audit bulk request {
107 silly audit   pg: [ '8.11.5' ],
107 silly audit   'pg-cloudflare': [ '1.1.1' ],
107 silly audit   'pg-connection-string': [ '2.6.4' ],
107 silly audit   'pg-pool': [ '3.6.2' ],
107 silly audit   'pg-protocol': [ '1.6.1' ],
107 silly audit   'pg-types': [ '2.2.0' ],
107 silly audit   pgpass: [ '1.0.5' ],
107 silly audit   'pg-int8': [ '1.0.1' ],
107 silly audit   'postgres-array': [ '2.0.0' ],
107 silly audit   'postgres-bytea': [ '1.0.0' ],
107 silly audit   'postgres-date': [ '1.0.7' ],
107 silly audit   'postgres-interval': [ '1.2.0' ],
107 silly audit   split2: [ '4.2.0' ],
107 silly audit   xtend: [ '4.0.2' ]
107 silly audit }
108 http fetch POST 200 https://registry.npmjs.org/-/npm/v1/security/advisories/bulk 146ms
109 timing auditReport:getReport Completed in 150ms
110 silly audit report {}
111 timing auditReport:init Completed in 0ms
112 timing reify:audit Completed in 151ms
113 timing reifyNode:node_modules/postgres-date Completed in 150ms
114 timing reifyNode:node_modules/pg-int8 Completed in 149ms
115 timing reifyNode:node_modules/postgres-bytea Completed in 150ms
116 timing reifyNode:node_modules/postgres-interval Completed in 152ms
117 timing reifyNode:node_modules/postgres-array Completed in 151ms
118 timing reifyNode:node_modules/pgpass Completed in 151ms
119 timing reifyNode:node_modules/pg-connection-string Completed in 151ms
120 timing reifyNode:node_modules/split2 Completed in 153ms
121 timing reifyNode:node_modules/xtend Completed in 154ms
122 timing reifyNode:node_modules/pg-cloudflare Completed in 159ms
123 timing reifyNode:node_modules/pg-types Completed in 161ms
124 timing reifyNode:node_modules/pg-pool Completed in 166ms
125 timing reifyNode:node_modules/pg Completed in 166ms
126 timing reifyNode:node_modules/pg-protocol Completed in 175ms
127 timing reify:unpack Completed in 179ms
128 timing reify:unretire Completed in 0ms
129 timing build:queue Completed in 2ms
130 timing build:deps Completed in 2ms
131 timing build Completed in 2ms
132 timing reify:build Completed in 3ms
133 timing reify:trash Completed in 0ms
134 timing reify:save Completed in 14ms
135 timing reify Completed in 795ms
136 silly ADD node_modules/xtend
137 silly ADD node_modules/split2
138 silly ADD node_modules/postgres-interval
139 silly ADD node_modules/postgres-date
140 silly ADD node_modules/postgres-bytea
141 silly ADD node_modules/postgres-array
142 silly ADD node_modules/pg-int8
143 silly ADD node_modules/pgpass
144 silly ADD node_modules/pg-types
145 silly ADD node_modules/pg-protocol
146 silly ADD node_modules/pg-pool
147 silly ADD node_modules/pg-connection-string
148 silly ADD node_modules/pg-cloudflare
149 silly ADD node_modules/pg
150 timing command:install Completed in 813ms
151 verbose exit 0
152 timing npm Completed in 876ms
153 info ok
