0 verbose cli /usr/bin/node /usr/bin/npm
1 info using npm@9.2.0
2 info using node@v18.19.1
3 timing npm:load:whichnode Completed in 0ms
4 timing config:load:defaults Completed in 3ms
5 timing config:load:file:/usr/share/nodejs/npm/npmrc Completed in 4ms
6 timing config:load:builtin Completed in 4ms
7 timing config:load:cli Completed in 2ms
8 timing config:load:env Completed in 1ms
9 timing config:load:file:/root/project/app-node1/.npmrc Completed in 1ms
10 timing config:load:project Completed in 2ms
11 timing config:load:file:/root/.npmrc Completed in 0ms
12 timing config:load:user Completed in 1ms
13 timing config:load:file:/etc/npmrc Completed in 0ms
14 timing config:load:global Completed in 0ms
15 timing config:load:setEnvs Completed in 2ms
16 timing config:load Completed in 15ms
17 timing npm:load:configload Completed in 15ms
18 timing npm:load:mkdirpcache Completed in 1ms
19 timing npm:load:mkdirplogs Completed in 0ms
20 verbose title npm install pg
21 verbose argv "install" "pg"
22 timing npm:load:setTitle Completed in 2ms
23 timing config:load:flatten Completed in 6ms
24 timing npm:load:display Completed in 9ms
25 verbose logfile logs-max:10 dir:/root/.npm/_logs/2024-05-18T03_31_30_112Z-
26 verbose logfile /root/.npm/_logs/2024-05-18T03_31_30_112Z-debug-0.log
27 timing npm:load:logFile Completed in 13ms
28 timing npm:load:timers Completed in 1ms
29 timing npm:load:configScope Completed in 0ms
30 timing npm:load Completed in 43ms
31 timing config:load:flatten Completed in 1ms
32 timing arborist:ctor Completed in 2ms
33 silly logfile done cleaning log files
34 timing idealTree:init Completed in 110ms
35 timing idealTree:userRequests Completed in 3ms
36 silly idealTree buildDeps
37 silly fetch manifest pg@*
38 timing arborist:ctor Completed in 1ms
39 http fetch GET 200 https://registry.npmjs.org/pg 447ms (cache miss)
40 silly fetch manifest pg-native@>=3.0.1
41 http fetch GET 200 https://registry.npmjs.org/pg-native 37ms (cache miss)
42 silly placeDep ROOT pg@8.11.5 OK for: app-node1@1.0.0 want: *
43 silly fetch manifest pg-connection-string@^2.6.4
44 silly fetch manifest pg-pool@^3.6.2
45 silly fetch manifest pg-protocol@^1.6.1
46 silly fetch manifest pg-types@^2.1.0
47 silly fetch manifest pgpass@1.x
48 silly fetch manifest pg-cloudflare@^1.1.1
49 http fetch GET 200 https://registry.npmjs.org/pg-connection-string 54ms (cache miss)
50 http fetch GET 200 https://registry.npmjs.org/pg-pool 67ms (cache miss)
51 http fetch GET 200 https://registry.npmjs.org/pgpass 80ms (cache miss)
52 http fetch GET 200 https://registry.npmjs.org/pg-protocol 83ms (cache miss)
53 http fetch GET 200 https://registry.npmjs.org/pg-cloudflare 93ms (cache miss)
54 http fetch GET 200 https://registry.npmjs.org/pg-types 100ms (cache miss)
55 timing idealTree:#root Completed in 609ms
56 silly fetch manifest pg@>=8.0
57 silly placeDep ROOT pg-cloudflare@1.1.1 OK for: pg@8.11.5 want: ^1.1.1
58 silly placeDep ROOT pg-connection-string@2.6.4 OK for: pg@8.11.5 want: ^2.6.4
59 silly placeDep ROOT pg-pool@3.6.2 OK for: pg@8.11.5 want: ^3.6.2
60 silly placeDep ROOT pg-protocol@1.6.1 OK for: pg@8.11.5 want: ^1.6.1
61 silly placeDep ROOT pg-types@2.2.0 OK for: pg@8.11.5 want: ^2.1.0
62 silly placeDep ROOT pgpass@1.0.5 OK for: pg@8.11.5 want: 1.x
63 silly fetch manifest pg-int8@1.0.1
64 silly fetch manifest postgres-array@~2.0.0
65 silly fetch manifest postgres-bytea@~1.0.0
66 silly fetch manifest postgres-date@~1.0.4
67 silly fetch manifest postgres-interval@^1.1.0
68 silly fetch manifest split2@^4.1.0
69 http fetch GET 200 https://registry.npmjs.org/postgres-bytea 105ms (cache miss)
70 http fetch GET 200 https://registry.npmjs.org/postgres-date 105ms (cache miss)
71 http fetch GET 200 https://registry.npmjs.org/pg-int8 109ms (cache miss)
72 http fetch GET 200 https://registry.npmjs.org/postgres-interval 107ms (cache miss)
73 http fetch GET 200 https://registry.npmjs.org/split2 108ms (cache miss)
74 http fetch GET 200 https://registry.npmjs.org/postgres-array 112ms (cache miss)
75 timing idealTree:node_modules/pg Completed in 129ms
76 timing idealTree:node_modules/pg-cloudflare Completed in 0ms
77 timing idealTree:node_modules/pg-connection-string Completed in 0ms
78 timing idealTree:node_modules/pg-pool Completed in 1ms
79 timing idealTree:node_modules/pg-protocol Completed in 0ms
80 silly placeDep ROOT pg-int8@1.0.1 OK for: pg-types@2.2.0 want: 1.0.1
81 silly placeDep ROOT postgres-array@2.0.0 OK for: pg-types@2.2.0 want: ~2.0.0
82 silly placeDep ROOT postgres-bytea@1.0.0 OK for: pg-types@2.2.0 want: ~1.0.0
83 silly placeDep ROOT postgres-date@1.0.7 OK for: pg-types@2.2.0 want: ~1.0.4
84 silly placeDep ROOT postgres-interval@1.2.0 OK for: pg-types@2.2.0 want: ^1.1.0
85 silly fetch manifest xtend@^4.0.0
86 http fetch GET 200 https://registry.npmjs.org/xtend 53ms (cache miss)
87 timing idealTree:node_modules/pg-types Completed in 63ms
88 timing idealTree:node_modules/pg-int8 Completed in 0ms
89 silly placeDep ROOT split2@4.2.0 OK for: pgpass@1.0.5 want: ^4.1.0
90 timing idealTree:node_modules/pgpass Completed in 4ms
91 timing idealTree:node_modules/postgres-array Completed in 0ms
92 timing idealTree:node_modules/postgres-bytea Completed in 0ms
93 timing idealTree:node_modules/postgres-date Completed in 0ms
94 silly placeDep ROOT xtend@4.0.2 OK for: postgres-interval@1.2.0 want: ^4.0.0
95 timing idealTree:node_modules/postgres-interval Completed in 4ms
96 timing idealTree:node_modules/split2 Completed in 0ms
97 timing idealTree:node_modules/xtend Completed in 0ms
98 timing idealTree:buildDeps Completed in 813ms
99 timing idealTree:fixDepFlags Completed in 1ms
100 timing idealTree Completed in 932ms
101 timing reify:loadTrees Completed in 933ms
102 timing reify:diffTrees Completed in 7ms
103 silly reify moves {}
104 timing reify:retireShallow Completed in 2ms
105 timing reify:createSparse Completed in 2ms
106 timing reify:loadBundles Completed in 0ms
107 silly audit bulk request {
107 silly audit   accepts: [ '1.3.8' ],
107 silly audit   'array-flatten': [ '1.1.1' ],
107 silly audit   'body-parser': [ '1.20.2' ],
107 silly audit   bytes: [ '3.1.2' ],
107 silly audit   'call-bind': [ '1.0.7' ],
107 silly audit   'content-disposition': [ '0.5.4' ],
107 silly audit   'content-type': [ '1.0.5' ],
107 silly audit   cookie: [ '0.6.0' ],
107 silly audit   'cookie-signature': [ '1.0.6' ],
107 silly audit   debug: [ '2.6.9' ],
107 silly audit   'define-data-property': [ '1.1.4' ],
107 silly audit   depd: [ '2.0.0' ],
107 silly audit   destroy: [ '1.2.0' ],
107 silly audit   'ee-first': [ '1.1.1' ],
107 silly audit   encodeurl: [ '1.0.2' ],
107 silly audit   'es-define-property': [ '1.0.0' ],
107 silly audit   'es-errors': [ '1.3.0' ],
107 silly audit   'escape-html': [ '1.0.3' ],
107 silly audit   etag: [ '1.8.1' ],
107 silly audit   express: [ '4.19.2' ],
107 silly audit   finalhandler: [ '1.2.0' ],
107 silly audit   forwarded: [ '0.2.0' ],
107 silly audit   fresh: [ '0.5.2' ],
107 silly audit   'function-bind': [ '1.1.2' ],
107 silly audit   'get-intrinsic': [ '1.2.4' ],
107 silly audit   gopd: [ '1.0.1' ],
107 silly audit   'has-property-descriptors': [ '1.0.2' ],
107 silly audit   'has-proto': [ '1.0.3' ],
107 silly audit   'has-symbols': [ '1.0.3' ],
107 silly audit   hasown: [ '2.0.2' ],
107 silly audit   'http-errors': [ '2.0.0' ],
107 silly audit   'iconv-lite': [ '0.4.24' ],
107 silly audit   inherits: [ '2.0.4' ],
107 silly audit   'ipaddr.js': [ '1.9.1' ],
107 silly audit   'media-typer': [ '0.3.0' ],
107 silly audit   'merge-descriptors': [ '1.0.1' ],
107 silly audit   methods: [ '1.1.2' ],
107 silly audit   mime: [ '1.6.0' ],
107 silly audit   'mime-db': [ '1.52.0' ],
107 silly audit   'mime-types': [ '2.1.35' ],
107 silly audit   ms: [ '2.0.0', '2.1.3' ],
107 silly audit   negotiator: [ '0.6.3' ],
107 silly audit   'object-inspect': [ '1.13.1' ],
107 silly audit   'on-finished': [ '2.4.1' ],
107 silly audit   parseurl: [ '1.3.3' ],
107 silly audit   'path-to-regexp': [ '0.1.7' ],
107 silly audit   'proxy-addr': [ '2.0.7' ],
107 silly audit   qs: [ '6.11.0' ],
107 silly audit   'range-parser': [ '1.2.1' ],
107 silly audit   'raw-body': [ '2.5.2' ],
107 silly audit   'safe-buffer': [ '5.2.1' ],
107 silly audit   'safer-buffer': [ '2.1.2' ],
107 silly audit   send: [ '0.18.0' ],
107 silly audit   'serve-static': [ '1.15.0' ],
107 silly audit   'set-function-length': [ '1.2.2' ],
107 silly audit   setprototypeof: [ '1.2.0' ],
107 silly audit   'side-channel': [ '1.0.6' ],
107 silly audit   statuses: [ '2.0.1' ],
107 silly audit   toidentifier: [ '1.0.1' ],
107 silly audit   'type-is': [ '1.6.18' ],
107 silly audit   unpipe: [ '1.0.0' ],
107 silly audit   'utils-merge': [ '1.0.1' ],
107 silly audit   vary: [ '1.1.2' ],
107 silly audit   pg: [ '8.11.5' ],
107 silly audit   'pg-cloudflare': [ '1.1.1' ],
107 silly audit   'pg-connection-string': [ '2.6.4' ],
107 silly audit   'pg-pool': [ '3.6.2' ],
107 silly audit   'pg-protocol': [ '1.6.1' ],
107 silly audit   'pg-types': [ '2.2.0' ],
107 silly audit   pgpass: [ '1.0.5' ],
107 silly audit   'pg-int8': [ '1.0.1' ],
107 silly audit   'postgres-array': [ '2.0.0' ],
107 silly audit   'postgres-bytea': [ '1.0.0' ],
107 silly audit   'postgres-date': [ '1.0.7' ],
107 silly audit   'postgres-interval': [ '1.2.0' ],
107 silly audit   split2: [ '4.2.0' ],
107 silly audit   xtend: [ '4.0.2' ]
107 silly audit }
108 silly tarball no local data for xtend@https://registry.npmjs.org/xtend/-/xtend-4.0.2.tgz. Extracting by manifest.
109 silly tarball no local data for split2@https://registry.npmjs.org/split2/-/split2-4.2.0.tgz. Extracting by manifest.
110 silly tarball no local data for postgres-interval@https://registry.npmjs.org/postgres-interval/-/postgres-interval-1.2.0.tgz. Extracting by manifest.
111 silly tarball no local data for postgres-date@https://registry.npmjs.org/postgres-date/-/postgres-date-1.0.7.tgz. Extracting by manifest.
112 silly tarball no local data for postgres-bytea@https://registry.npmjs.org/postgres-bytea/-/postgres-bytea-1.0.0.tgz. Extracting by manifest.
113 silly tarball no local data for postgres-array@https://registry.npmjs.org/postgres-array/-/postgres-array-2.0.0.tgz. Extracting by manifest.
114 silly tarball no local data for pg-int8@https://registry.npmjs.org/pg-int8/-/pg-int8-1.0.1.tgz. Extracting by manifest.
115 silly tarball no local data for pgpass@https://registry.npmjs.org/pgpass/-/pgpass-1.0.5.tgz. Extracting by manifest.
116 silly tarball no local data for pg-types@https://registry.npmjs.org/pg-types/-/pg-types-2.2.0.tgz. Extracting by manifest.
117 silly tarball no local data for pg-protocol@https://registry.npmjs.org/pg-protocol/-/pg-protocol-1.6.1.tgz. Extracting by manifest.
118 silly tarball no local data for pg-pool@https://registry.npmjs.org/pg-pool/-/pg-pool-3.6.2.tgz. Extracting by manifest.
119 silly tarball no local data for pg-connection-string@https://registry.npmjs.org/pg-connection-string/-/pg-connection-string-2.6.4.tgz. Extracting by manifest.
120 silly tarball no local data for pg-cloudflare@https://registry.npmjs.org/pg-cloudflare/-/pg-cloudflare-1.1.1.tgz. Extracting by manifest.
121 silly tarball no local data for pg@https://registry.npmjs.org/pg/-/pg-8.11.5.tgz. Extracting by manifest.
122 http fetch POST 200 https://registry.npmjs.org/-/npm/v1/security/advisories/bulk 154ms
123 timing auditReport:getReport Completed in 161ms
124 silly audit report {}
125 timing auditReport:init Completed in 0ms
126 timing reify:audit Completed in 162ms
127 http fetch GET 200 https://registry.npmjs.org/postgres-bytea/-/postgres-bytea-1.0.0.tgz 143ms (cache miss)
128 timing reifyNode:node_modules/postgres-bytea Completed in 171ms
129 http fetch GET 200 https://registry.npmjs.org/xtend/-/xtend-4.0.2.tgz 154ms (cache miss)
130 timing reifyNode:node_modules/xtend Completed in 177ms
131 http fetch GET 200 https://registry.npmjs.org/split2/-/split2-4.2.0.tgz 161ms (cache miss)
132 timing reifyNode:node_modules/split2 Completed in 185ms
133 http fetch GET 200 https://registry.npmjs.org/postgres-date/-/postgres-date-1.0.7.tgz 161ms (cache miss)
134 timing reifyNode:node_modules/postgres-date Completed in 187ms
135 http fetch GET 200 https://registry.npmjs.org/postgres-interval/-/postgres-interval-1.2.0.tgz 162ms (cache miss)
136 timing reifyNode:node_modules/postgres-interval Completed in 188ms
137 http fetch GET 200 https://registry.npmjs.org/pg-connection-string/-/pg-connection-string-2.6.4.tgz 208ms (cache miss)
138 timing reifyNode:node_modules/pg-connection-string Completed in 250ms
139 http fetch GET 200 https://registry.npmjs.org/postgres-array/-/postgres-array-2.0.0.tgz 218ms (cache miss)
140 timing reifyNode:node_modules/postgres-array Completed in 251ms
141 http fetch GET 200 https://registry.npmjs.org/pg-int8/-/pg-int8-1.0.1.tgz 218ms (cache miss)
142 timing reifyNode:node_modules/pg-int8 Completed in 251ms
143 http fetch GET 200 https://registry.npmjs.org/pgpass/-/pgpass-1.0.5.tgz 220ms (cache miss)
144 timing reifyNode:node_modules/pgpass Completed in 255ms
145 http fetch GET 200 https://registry.npmjs.org/pg-cloudflare/-/pg-cloudflare-1.1.1.tgz 216ms (cache miss)
146 timing reifyNode:node_modules/pg-cloudflare Completed in 265ms
147 http fetch GET 200 https://registry.npmjs.org/pg-types/-/pg-types-2.2.0.tgz 245ms (cache miss)
148 timing reifyNode:node_modules/pg-types Completed in 281ms
149 http fetch GET 200 https://registry.npmjs.org/pg-pool/-/pg-pool-3.6.2.tgz 252ms (cache miss)
150 timing reifyNode:node_modules/pg-pool Completed in 293ms
151 http fetch GET 200 https://registry.npmjs.org/pg/-/pg-8.11.5.tgz 255ms (cache miss)
152 timing reifyNode:node_modules/pg Completed in 299ms
153 http fetch GET 200 https://registry.npmjs.org/pg-protocol/-/pg-protocol-1.6.1.tgz 270ms (cache miss)
154 timing reifyNode:node_modules/pg-protocol Completed in 309ms
155 timing reify:unpack Completed in 311ms
156 timing reify:unretire Completed in 0ms
157 timing build:queue Completed in 3ms
158 timing build:deps Completed in 3ms
159 timing build Completed in 5ms
160 timing reify:build Completed in 6ms
161 timing reify:trash Completed in 0ms
162 timing reify:save Completed in 62ms
163 timing reify Completed in 1384ms
164 silly ADD node_modules/xtend
165 silly ADD node_modules/split2
166 silly ADD node_modules/postgres-interval
167 silly ADD node_modules/postgres-date
168 silly ADD node_modules/postgres-bytea
169 silly ADD node_modules/postgres-array
170 silly ADD node_modules/pg-int8
171 silly ADD node_modules/pgpass
172 silly ADD node_modules/pg-types
173 silly ADD node_modules/pg-protocol
174 silly ADD node_modules/pg-pool
175 silly ADD node_modules/pg-connection-string
176 silly ADD node_modules/pg-cloudflare
177 silly ADD node_modules/pg
178 timing command:install Completed in 1402ms
179 verbose exit 0
180 timing npm Completed in 1465ms
181 info ok
